<?xml version="1.0" encoding="UTF-8"?>
<!-- Generated by org.testng.reporters.JUnitReportReporter -->
<testsuite skipped="0" hostname="mslaptop" name="ValidateNavigationBar" tests="1" failures="0" timestamp="2019-11-09T15:48:31 CET" time="0.255" errors="0">
  <testcase name="validateNavBar" time="0.255" classname="ValidateNavigationBar"/>
</testsuite> <!-- ValidateNavigationBar -->
