<?xml version="1.0" encoding="UTF-8"?>
<!-- Generated by org.testng.reporters.JUnitReportReporter -->
<testsuite skipped="0" hostname="mslaptop" name="HomePage" tests="2" failures="0" timestamp="2019-11-09T15:48:31 CET" time="17.785" errors="0">
  <testcase name="basePageNavigation" time="7.676" classname="HomePage"/>
  <testcase name="basePageNavigation" time="10.109" classname="HomePage"/>
</testsuite> <!-- HomePage -->
