<?xml version="1.0" encoding="UTF-8"?>
<!-- Generated by org.testng.reporters.JUnitReportReporter -->
<testsuite skipped="0" hostname="mslaptop" name="ValidateNavigationBar" tests="1" failures="0" timestamp="2019-11-04T19:46:12 CET" time="0.144" errors="0">
  <testcase name="validateNavBar" time="0.144" classname="ValidateNavigationBar"/>
</testsuite> <!-- ValidateNavigationBar -->
