<?xml version="1.0" encoding="UTF-8"?>
<!-- Generated by org.testng.reporters.JUnitReportReporter -->
<testsuite skipped="0" hostname="mslaptop" name="HomePage" tests="2" failures="0" timestamp="2019-11-04T19:46:12 CET" time="16.684" errors="0">
  <testcase name="basePageNavigation" time="10.594" classname="HomePage"/>
  <testcase name="basePageNavigation" time="6.090" classname="HomePage"/>
</testsuite> <!-- HomePage -->
